2025-01-17 17:49:59,740 CRIT Supervisor is running as root.  Privileges were not dropped because no user is specified in the config file.  If you intend to run as root, you can set user=root in the config file to avoid this message.
2025-01-17 17:49:59,742 INFO supervisord started with pid 1
2025-01-17 17:50:00,744 INFO spawned: 'spark' with pid 8
2025-01-17 17:50:00,745 INFO spawned: 'uvicorn' with pid 9
2025-01-17 17:50:01,814 INFO success: spark entered RUNNING state, process has stayed up for > than 1 seconds (startsecs)
2025-01-17 17:50:01,814 INFO success: uvicorn entered RUNNING state, process has stayed up for > than 1 seconds (startsecs)
2025-01-17 17:53:31,757 WARN received SIGTERM indicating exit request
2025-01-17 17:53:31,757 INFO waiting for spark, uvicorn to die
2025-01-17 17:53:32,263 INFO stopped: uvicorn (terminated by SIGTERM)
2025-01-17 17:53:32,263 INFO reaped unknown pid 115
2025-01-17 17:53:33,593 INFO stopped: spark (exit status 143)
2025-01-17 17:53:43,672 CRIT Supervisor is running as root.  Privileges were not dropped because no user is specified in the config file.  If you intend to run as root, you can set user=root in the config file to avoid this message.
2025-01-17 17:53:43,674 INFO supervisord started with pid 1
2025-01-17 17:53:44,675 INFO spawned: 'spark' with pid 8
2025-01-17 17:53:44,676 INFO spawned: 'spark-worker-1' with pid 9
2025-01-17 17:53:44,677 INFO spawned: 'uvicorn' with pid 10
2025-01-17 17:53:45,738 INFO success: spark entered RUNNING state, process has stayed up for > than 1 seconds (startsecs)
2025-01-17 17:53:45,738 INFO success: spark-worker-1 entered RUNNING state, process has stayed up for > than 1 seconds (startsecs)
2025-01-17 17:53:45,738 INFO success: uvicorn entered RUNNING state, process has stayed up for > than 1 seconds (startsecs)
2025-01-17 17:53:48,255 WARN received SIGTERM indicating exit request
2025-01-17 17:53:48,255 INFO waiting for spark, spark-worker-1, uvicorn to die
2025-01-17 17:53:48,414 INFO stopped: uvicorn (terminated by SIGTERM)
2025-01-17 17:53:48,741 INFO stopped: spark-worker-1 (exit status 143)
2025-01-17 17:53:49,066 INFO stopped: spark (exit status 143)
2025-01-17 17:54:13,671 CRIT Supervisor is running as root.  Privileges were not dropped because no user is specified in the config file.  If you intend to run as root, you can set user=root in the config file to avoid this message.
2025-01-17 17:54:13,673 INFO supervisord started with pid 1
2025-01-17 17:54:13,816 CRIT Supervisor is running as root.  Privileges were not dropped because no user is specified in the config file.  If you intend to run as root, you can set user=root in the config file to avoid this message.
2025-01-17 17:54:13,818 INFO supervisord started with pid 1
2025-01-17 17:54:13,826 CRIT Supervisor is running as root.  Privileges were not dropped because no user is specified in the config file.  If you intend to run as root, you can set user=root in the config file to avoid this message.
2025-01-17 17:54:13,827 INFO supervisord started with pid 1
2025-01-17 17:54:14,675 INFO spawned: 'spark' with pid 8
2025-01-17 17:54:14,676 INFO spawned: 'spark-worker-1' with pid 9
2025-01-17 17:54:14,677 INFO spawned: 'uvicorn' with pid 10
2025-01-17 17:54:14,819 INFO spawned: 'spark' with pid 8
2025-01-17 17:54:14,821 INFO spawned: 'spark-worker-1' with pid 9
2025-01-17 17:54:14,822 INFO spawned: 'uvicorn' with pid 10
2025-01-17 17:54:14,830 INFO spawned: 'spark' with pid 8
2025-01-17 17:54:14,832 INFO spawned: 'spark-worker-1' with pid 9
2025-01-17 17:54:14,834 INFO spawned: 'uvicorn' with pid 10
2025-01-17 17:54:15,701 INFO success: spark entered RUNNING state, process has stayed up for > than 1 seconds (startsecs)
2025-01-17 17:54:15,701 INFO success: spark-worker-1 entered RUNNING state, process has stayed up for > than 1 seconds (startsecs)
2025-01-17 17:54:15,701 INFO success: uvicorn entered RUNNING state, process has stayed up for > than 1 seconds (startsecs)
2025-01-17 17:54:15,829 INFO success: spark entered RUNNING state, process has stayed up for > than 1 seconds (startsecs)
2025-01-17 17:54:15,833 INFO success: spark-worker-1 entered RUNNING state, process has stayed up for > than 1 seconds (startsecs)
2025-01-17 17:54:15,833 INFO success: uvicorn entered RUNNING state, process has stayed up for > than 1 seconds (startsecs)
2025-01-17 17:54:15,918 INFO success: spark entered RUNNING state, process has stayed up for > than 1 seconds (startsecs)
2025-01-17 17:54:15,918 INFO success: spark-worker-1 entered RUNNING state, process has stayed up for > than 1 seconds (startsecs)
2025-01-17 17:54:15,918 INFO success: uvicorn entered RUNNING state, process has stayed up for > than 1 seconds (startsecs)
2025-01-17 17:57:08,102 WARN received SIGTERM indicating exit request
2025-01-17 17:57:08,102 INFO waiting for spark, spark-worker-1, uvicorn to die
2025-01-17 17:57:08,121 WARN received SIGTERM indicating exit request
2025-01-17 17:57:08,121 INFO waiting for spark, spark-worker-1, uvicorn to die
2025-01-17 17:57:08,218 INFO stopped: uvicorn (terminated by SIGTERM)
2025-01-17 17:57:08,236 INFO stopped: uvicorn (terminated by SIGTERM)
2025-01-17 17:57:09,548 INFO stopped: spark-worker-1 (exit status 143)
2025-01-17 17:57:09,565 INFO stopped: spark-worker-1 (exit status 143)
2025-01-17 17:57:09,875 INFO stopped: spark (exit status 143)
2025-01-17 17:57:10,893 INFO stopped: spark (exit status 143)
2025-01-17 17:57:11,567 WARN received SIGTERM indicating exit request
2025-01-17 17:57:11,567 INFO waiting for spark, spark-worker-1, uvicorn to die
2025-01-17 17:57:12,115 INFO stopped: uvicorn (terminated by SIGTERM)
2025-01-17 17:57:12,118 INFO reaped unknown pid 227
2025-01-17 17:57:12,446 INFO stopped: spark-worker-1 (exit status 143)
2025-01-17 17:57:13,777 INFO stopped: spark (exit status 143)
